<?xml version="1.0" encoding="UTF-8"?>
<!-- Generated by org.testng.reporters.JUnitReportReporter -->
<testsuite hostname="DESKTOP-J0HQ4MQ" failures="0" tests="1" name="testCases.TC_RF_001_AccountRegistrationTest" time="13.575" errors="0" timestamp="2024-03-20T13:27:28 IST" skipped="0">
  <testcase classname="testCases.TC_RF_001_AccountRegistrationTest" name="verifyAccountRegistration" time="13.575"/>
</testsuite> <!-- testCases.TC_RF_001_AccountRegistrationTest -->
