<?xml version="1.0" encoding="UTF-8"?>
<!-- Generated by org.testng.reporters.JUnitReportReporter -->
<testsuite hostname="DESKTOP-J0HQ4MQ" failures="0" tests="1" name="testCases.TC_LF_001_LogInTest" time="19.059" errors="0" timestamp="2024-03-22T19:47:30 IST" skipped="0">
  <testcase classname="testCases.TC_LF_001_LogInTest" name="verifyLogIn" time="19.059"/>
</testsuite> <!-- testCases.TC_LF_001_LogInTest -->
