<?xml version="1.0" encoding="UTF-8"?>
<!-- Generated by org.testng.reporters.JUnitReportReporter -->
<testsuite hostname="DESKTOP-J0HQ4MQ" failures="0" tests="4" name="testCases.TC_LF_002_LoginTestDD" time="39.077" errors="0" timestamp="2024-03-21T21:56:53 IST" skipped="0">
  <testcase classname="testCases.TC_LF_002_LoginTestDD" name="varifyLogin_DDT" time="12.210"/>
  <testcase classname="testCases.TC_LF_002_LoginTestDD" name="varifyLogin_DDT" time="8.671"/>
  <testcase classname="testCases.TC_LF_002_LoginTestDD" name="varifyLogin_DDT" time="5.113"/>
  <testcase classname="testCases.TC_LF_002_LoginTestDD" name="varifyLogin_DDT" time="13.083"/>
</testsuite> <!-- testCases.TC_LF_002_LoginTestDD -->
