<?xml version="1.0" encoding="UTF-8"?>
<!-- Generated by org.testng.reporters.JUnitReportReporter -->
<testsuite hostname="DESKTOP-J0HQ4MQ" failures="0" tests="1" name="testCases.TC_LF_006_LogInTest" time="5.294" errors="0" timestamp="2024-03-21T21:56:53 IST" skipped="0">
  <testcase classname="testCases.TC_LF_006_LogInTest" name="varifyLogin" time="5.294"/>
</testsuite> <!-- testCases.TC_LF_006_LogInTest -->
